{
  "RSpec": {
    "coverage": {
      "/data/home/ubuntu/Desktop/carshipapp-117228-ruby/template-app/app/models/account_block/account.rb": [
        1,
        1,
        1,
        null,
        null,
        1,
        1,
        null,
        1,
        null,
        1,
        1,
        1,
        1,
        1,
        1,
        1,
        1,
        1,
        1,
        1,
        1,
        1,
        1,
        1,
        1,
        1,
        1,
        null,
        null,
        null,
        null,
        null,
        1,
        1,
        null,
        1,
        1,
        1,
        1,
        1,
        1,
        1,
        null,
        null,
        1,
        null,
        1,
        1,
        null,
        null,
        null,
        1,
        27,
        null,
        null,
        1,
        0,
        null,
        null,
        1,
        null,
        1,
        0,
        0,
        0,
        null,
        null,
        1,
        0,
        0,
        0,
        0,
        null,
        null,
        1,
        0,
        0,
        0,
        0,
        null,
        null,
        1,
        27,
        0,
        null,
        null,
        null,
        1,
        27,
        27,
        27,
        null,
        27,
        null,
        null,
        1,
        27,
        0,
        0,
        null,
        0,
        null,
        null,
        null,
        null,
        1,
        27,
        27,
        null,
        null,
        null
      ],
      "/data/home/ubuntu/Desktop/carshipapp-117228-ruby/template-app/app/models/account_block/application_record.rb": [
        1,
        1,
        1,
        null,
        null
      ],
      "/data/home/ubuntu/Desktop/carshipapp-117228-ruby/template-app/app/models/builder_base/application_record.rb": [
        1,
        1,
        1,
        1,
        null,
        null
      ],
      "/data/home/ubuntu/Desktop/carshipapp-117228-ruby/template-app/app/models/application_record.rb": [
        1,
        1,
        null
      ],
      "/data/home/ubuntu/Desktop/carshipapp-117228-ruby/template-app/app/concerns/bx_block_push_notifications/patch_account_block_associations.rb": [
        1,
        1,
        1,
        null,
        1,
        1,
        null,
        null,
        null,
        null,
        1,
        null,
        null,
        null,
        1,
        null,
        null,
        null
      ],
      "/data/home/ubuntu/Desktop/carshipapp-117228-ruby/template-app/app/concerns/bx_block_attachment/patch_account_block_associations.rb": [
        1,
        1,
        1,
        null,
        1,
        1,
        null,
        null,
        null,
        null
      ],
      "/data/home/ubuntu/Desktop/carshipapp-117228-ruby/template-app/app/concerns/bx_block_bulk_uploading/patch_account_block_associations.rb": [
        1,
        1,
        1,
        null,
        1,
        1,
        null,
        null,
        null,
        null
      ],
      "/data/home/ubuntu/Desktop/carshipapp-117228-ruby/template-app/app/concerns/bx_block_profile/patch_account_block.rb": [
        1,
        1,
        1,
        null,
        1,
        1,
        null,
        null,
        null
      ],
      "/data/home/ubuntu/Desktop/carshipapp-117228-ruby/template-app/app/concerns/bx_block_posts/patch_account_block_associations.rb": [
        1,
        1,
        1,
        null,
        1,
        1,
        1,
        null,
        null,
        null,
        null
      ],
      "/data/home/ubuntu/Desktop/carshipapp-117228-ruby/template-app/app/concerns/bx_block_like/patch_account_block_associations.rb": [
        1,
        1,
        1,
        null,
        1,
        1,
        null,
        null,
        null,
        null,
        null,
        null,
        null
      ],
      "/data/home/ubuntu/Desktop/carshipapp-117228-ruby/template-app/app/models/bx_block_posts/post.rb": [
        1,
        1,
        1,
        null,
        1,
        1,
        null,
        1,
        null,
        1,
        null,
        null,
        1,
        null,
        null,
        null,
        1,
        1,
        null,
        1,
        1,
        null,
        null,
        null,
        null,
        1,
        0,
        0,
        0,
        0,
        0,
        0,
        null,
        0,
        null,
        null,
        1,
        0,
        null,
        0,
        0,
        0,
        0,
        null,
        null,
        null,
        null,
        null,
        null,
        0,
        null,
        null,
        null
      ],
      "/data/home/ubuntu/Desktop/carshipapp-117228-ruby/template-app/app/models/bx_block_posts/application_record.rb": [
        1,
        1,
        1,
        null,
        null
      ],
      "/data/home/ubuntu/Desktop/carshipapp-117228-ruby/template-app/app/services/bx_block_posts/validators/blob_validator.rb": [
        1,
        null,
        1,
        1,
        1,
        1,
        0,
        null,
        0,
        0,
        0,
        0,
        null,
        null,
        null,
        null,
        0,
        0,
        null,
        null,
        null,
        null,
        null,
        null,
        null,
        0,
        0,
        null,
        null,
        null,
        null,
        1,
        null,
        1,
        0,
        null,
        null,
        null,
        null,
        1,
        0,
        null,
        null,
        null,
        null,
        1,
        0,
        null,
        0,
        null,
        0,
        null,
        0,
        null,
        0,
        null,
        0,
        null,
        null,
        null,
        null,
        null
      ],
      "/data/home/ubuntu/Desktop/carshipapp-117228-ruby/template-app/app/concerns/bx_block_like/patch_bx_block_posts_associations.rb": [
        1,
        1,
        1,
        null,
        1,
        1,
        1,
        null,
        null,
        null,
        1,
        null,
        null,
        null,
        null,
        null,
        null,
        null
      ],
      "/data/home/ubuntu/Desktop/carshipapp-117228-ruby/template-app/app/models/bx_block_location/location.rb": [
        1,
        1,
        1,
        1,
        null,
        1,
        null,
        null
      ],
      "/data/home/ubuntu/Desktop/carshipapp-117228-ruby/template-app/app/models/bx_block_location/application_record.rb": [
        1,
        1,
        1,
        null,
        null
      ],
      "/data/home/ubuntu/Desktop/carshipapp-117228-ruby/template-app/app/services/bx_block_profile/update_account_validator.rb": [
        1,
        1,
        1,
        null,
        null,
        1,
        null,
        null,
        null,
        null,
        null,
        null,
        1,
        1,
        null,
        1,
        1,
        1,
        1,
        1,
        1,
        null,
        1,
        0,
        null,
        0,
        null,
        0,
        0,
        null,
        null,
        null,
        1,
        0,
        0,
        null,
        null,
        1,
        0,
        null,
        0,
        null,
        0,
        0,
        0,
        null,
        0,
        0,
        null,
        null,
        0,
        null,
        null,
        1,
        null,
        1,
        0,
        0,
        0,
        null,
        null,
        1,
        0,
        null,
        0,
        null,
        0,
        null,
        null,
        1,
        0,
        0,
        0,
        null,
        null,
        1,
        0,
        null,
        0,
        0,
        null,
        null,
        null,
        null
      ],
      "/data/home/ubuntu/Desktop/carshipapp-117228-ruby/template-app/app/concerns/bx_block_language_options/patch_account_block_associations.rb": [
        1,
        1,
        1,
        null,
        1,
        1,
        null,
        null,
        1,
        null,
        null,
        1,
        null,
        null,
        null,
        null,
        null,
        null
      ],
      "/data/home/ubuntu/Desktop/carshipapp-117228-ruby/template-app/app/concerns/bx_block_content_management/patch_account_block_associations.rb": [
        1,
        1,
        1,
        null,
        1,
        1,
        null,
        1,
        null,
        null,
        null,
        null,
        null,
        null,
        null,
        null,
        null,
        1,
        1,
        null,
        1,
        null,
        null,
        null,
        null
      ],
      "/data/home/ubuntu/Desktop/carshipapp-117228-ruby/template-app/app/models/bx_block_address/address.rb": [
        1,
        1,
        1,
        null,
        1,
        null,
        null,
        null,
        1,
        null,
        1,
        null,
        null,
        null,
        1,
        null,
        1,
        null,
        1,
        1,
        0,
        null,
        null,
        null
      ],
      "/data/home/ubuntu/Desktop/carshipapp-117228-ruby/template-app/app/models/bx_block_address/application_record.rb": [
        1,
        1,
        1,
        null,
        null
      ],
      "/data/home/ubuntu/Desktop/carshipapp-117228-ruby/template-app/app/models/account_block/black_list_user.rb": [
        1,
        1,
        1,
        1,
        null,
        1,
        0,
        null,
        null,
        1,
        0,
        null,
        null,
        1,
        0,
        null,
        null,
        null
      ],
      "/data/home/ubuntu/Desktop/carshipapp-117228-ruby/template-app/app/models/account_block/email_account.rb": [
        1,
        1,
        1,
        null,
        1,
        1,
        null,
        1,
        0,
        null,
        null,
        0,
        0,
        null,
        null,
        1,
        0,
        0,
        null,
        null,
        null,
        null
      ],
      "/data/home/ubuntu/Desktop/carshipapp-117228-ruby/template-app/app/models/bx_block_like/like.rb": [
        1,
        1,
        1,
        null,
        1,
        null,
        1,
        null,
        1,
        null,
        1,
        0,
        0,
        null,
        0,
        null,
        null,
        null,
        null,
        null,
        null,
        null,
        null,
        null
      ],
      "/data/home/ubuntu/Desktop/carshipapp-117228-ruby/template-app/app/models/bx_block_like/application_record.rb": [
        1,
        1,
        1,
        null,
        null
      ],
      "/data/home/ubuntu/Desktop/carshipapp-117228-ruby/template-app/app/models/account_block/social_account.rb": [
        1,
        1,
        1,
        null,
        1,
        1,
        null,
        1,
        null,
        1,
        0,
        null,
        null,
        null
      ],
      "/data/home/ubuntu/Desktop/carshipapp-117228-ruby/template-app/app/models/bx_block_vehicle_shipping.rb": [
        1,
        1,
        0,
        null,
        null
      ],
      "/data/home/ubuntu/Desktop/carshipapp-117228-ruby/template-app/app/models/bx_block_vehicle_shipping/vehicle_shipping.rb": [
        1,
        1,
        1,
        null,
        1,
        1,
        null,
        1,
        1,
        1,
        1,
        1,
        null,
        1,
        1,
        1,
        1,
        null,
        1,
        1,
        1,
        1,
        1,
        1,
        1,
        1,
        1,
        1,
        1,
        1,
        1,
        1,
        null,
        1,
        1,
        1,
        1,
        1,
        1,
        1,
        null,
        null,
        null,
        1,
        1,
        1,
        1,
        null,
        null,
        null,
        1,
        null,
        1,
        0,
        0,
        0,
        0,
        0,
        null,
        null,
        null,
        null,
        1,
        0,
        null,
        null,
        1,
        0,
        0,
        null,
        0,
        null,
        null,
        1,
        0,
        0,
        null,
        null,
        0,
        0,
        null,
        0,
        null,
        null,
        1,
        0,
        0,
        null,
        null,
        0,
        0,
        null,
        null,
        0,
        0,
        null,
        null,
        0,
        null,
        null,
        1,
        0,
        null,
        null,
        1,
        0,
        null,
        null,
        1,
        0,
        0,
        null,
        null,
        null,
        1,
        0,
        0,
        0,
        0,
        0,
        0,
        null,
        null,
        null,
        1,
        0,
        0,
        0,
        0,
        0,
        0,
        null,
        null,
        null,
        null,
        null,
        1,
        0,
        0,
        null,
        null,
        null,
        null,
        null,
        null,
        null,
        null,
        null,
        null,
        null,
        null
      ],
      "/data/home/ubuntu/Desktop/carshipapp-117228-ruby/template-app/app/controllers/application_controller.rb": [
        1,
        28,
        null,
        1,
        0,
        0,
        null,
        null,
        1,
        0,
        0,
        0,
        null,
        null,
        1,
        0,
        0,
        0,
        0,
        null,
        null,
        1,
        0,
        null,
        null,
        null
      ],
      "/data/home/ubuntu/Desktop/carshipapp-117228-ruby/template-app/app/models/admin_user.rb": [
        1,
        null,
        null,
        1,
        null,
        null,
        null,
        1,
        null,
        null
      ],
      "/data/home/ubuntu/Desktop/carshipapp-117228-ruby/template-app/app/admin/account_block_accounts.rb": [
        1,
        1,
        null,
        1,
        1,
        null,
        1,
        1,
        1,
        1,
        null,
        1,
        0,
        0,
        0,
        0,
        0,
        0,
        0,
        0,
        0,
        0,
        0,
        0,
        0,
        0,
        0,
        null,
        null,
        1,
        0,
        0,
        0,
        0,
        0,
        0,
        0,
        0,
        0,
        0,
        0,
        0,
        0,
        0,
        0,
        0,
        0,
        0,
        null,
        null,
        null,
        null,
        null,
        1,
        1,
        1,
        1,
        1,
        1,
        1,
        null,
        1,
        0,
        0,
        0,
        0,
        0,
        0,
        0,
        0,
        0,
        0,
        0,
        0,
        0,
        0,
        0,
        0,
        0,
        0,
        0,
        0,
        0,
        0,
        0,
        null,
        0,
        null,
        null,
        null,
        null,
        null,
        null,
        null,
        1,
        0,
        0,
        0,
        0,
        0,
        0,
        0,
        0,
        0,
        0,
        0,
        0,
        null,
        0,
        0,
        0,
        0,
        0,
        0,
        null,
        null,
        0,
        null,
        null,
        1,
        0,
        0,
        0,
        0,
        null,
        null,
        null
      ],
      "/data/home/ubuntu/Desktop/carshipapp-117228-ruby/template-app/app/admin/account_block_services.rb": [
        1,
        null,
        1,
        null,
        1,
        0,
        0,
        0,
        0,
        0,
        null,
        null,
        0,
        null,
        1,
        0,
        0,
        0,
        0,
        null,
        null,
        0,
        null,
        null,
        1,
        0,
        0,
        0,
        0,
        0,
        null,
        null,
        null,
        null,
        1,
        1,
        null,
        null,
        null
      ],
      "/data/home/ubuntu/Desktop/carshipapp-117228-ruby/template-app/app/models/bx_block_services/service.rb": [
        1,
        1,
        1,
        1,
        1,
        1,
        null,
        1,
        0,
        0,
        null,
        0,
        null,
        null,
        null,
        null
      ],
      "/data/home/ubuntu/Desktop/carshipapp-117228-ruby/template-app/app/models/bx_block_services/application_record.rb": [
        1,
        1,
        1,
        null,
        null
      ],
      "/data/home/ubuntu/Desktop/carshipapp-117228-ruby/template-app/app/admin/admin_users.rb": [
        1,
        1,
        null,
        1,
        0,
        0,
        0,
        0,
        0,
        0,
        0,
        null,
        null,
        1,
        1,
        1,
        1,
        null,
        1,
        0,
        0,
        0,
        0,
        null,
        0,
        null,
        null,
        1,
        0,
        0,
        0,
        0,
        0,
        0,
        0,
        null,
        null,
        null,
        null,
        null,
        1,
        null
      ],
      "/data/home/ubuntu/Desktop/carshipapp-117228-ruby/template-app/app/admin/bx_block_admin_admin_email_notifications.rb": [
        1,
        1,
        null,
        null,
        1,
        null,
        1,
        0,
        0,
        0,
        0,
        0,
        null,
        0,
        null,
        null,
        1,
        0,
        0,
        0,
        null,
        0,
        null,
        null,
        1,
        0,
        0,
        0,
        0,
        null,
        null,
        null,
        null,
        null,
        null,
        null,
        1,
        1,
        null
      ],
      "/data/home/ubuntu/Desktop/carshipapp-117228-ruby/template-app/app/models/bx_block_admin_email_notification.rb": [
        1,
        1,
        0,
        null,
        null
      ],
      "/data/home/ubuntu/Desktop/carshipapp-117228-ruby/template-app/app/models/bx_block_admin_email_notification/admin_email_notification.rb": [
        1,
        1,
        1,
        null,
        1,
        1,
        null,
        null
      ],
      "/data/home/ubuntu/Desktop/carshipapp-117228-ruby/template-app/app/models/bx_block_admin_email_notification/application_record.rb": [
        1,
        1,
        1,
        null,
        null
      ],
      "/data/home/ubuntu/Desktop/carshipapp-117228-ruby/template-app/app/admin/bx_block_admin_badges.rb": [
        1,
        1,
        null,
        null,
        null,
        null,
        null,
        null,
        1,
        null,
        null,
        null,
        null,
        null,
        null,
        null,
        null,
        null,
        1,
        null
      ],
      "/data/home/ubuntu/Desktop/carshipapp-117228-ruby/template-app/app/models/bx_block_admin/badge.rb": [
        1,
        1,
        1,
        1,
        null
      ],
      "/data/home/ubuntu/Desktop/carshipapp-117228-ruby/template-app/app/admin/bx_block_admin_banners.rb": [
        1,
        1,
        1,
        null,
        1,
        0,
        0,
        0,
        0,
        0,
        null,
        null,
        null,
        0,
        null,
        null
      ],
      "/data/home/ubuntu/Desktop/carshipapp-117228-ruby/template-app/app/models/bx_block_admin/banner.rb": [
        1,
        1,
        1,
        1,
        null
      ],
      "/data/home/ubuntu/Desktop/carshipapp-117228-ruby/template-app/app/admin/bx_block_admin_car_ads.rb": [
        1,
        null,
        1,
        null,
        1,
        null,
        1,
        0,
        null,
        0,
        0,
        null,
        0,
        0,
        null,
        0,
        0,
        null,
        0,
        0,
        null,
        0,
        0,
        null,
        0,
        0,
        null,
        0,
        0,
        null,
        0,
        0,
        null,
        0,
        0,
        null,
        0,
        0,
        null,
        0,
        0,
        null,
        0,
        0,
        null,
        0,
        0,
        null,
        0,
        0,
        null,
        0,
        0,
        null,
        0,
        0,
        null,
        0,
        0,
        null,
        0,
        0,
        null,
        0,
        0,
        null,
        0,
        0,
        null,
        0,
        0,
        null,
        0,
        0,
        null,
        0,
        0,
        null,
        0,
        0,
        null,
        0,
        0,
        null,
        0,
        0,
        null,
        0,
        0,
        null,
        0,
        0,
        null,
        0,
        0,
        null,
        null,
        null,
        null,
        1,
        0,
        0,
        0,
        0,
        0,
        0,
        0,
        null,
        0,
        0,
        0,
        null,
        0,
        0,
        null,
        0,
        0,
        null,
        0,
        0,
        null,
        0,
        null,
        null,
        1,
        1,
        1,
        1,
        1,
        1,
        1,
        1,
        1,
        1,
        null,
        1,
        1,
        1,
        1,
        1,
        1,
        null,
        null,
        3,
        null,
        1,
        1,
        1,
        null,
        1,
        0,
        null,
        0,
        null,
        0,
        0,
        0,
        0,
        0,
        0,
        0,
        0,
        0,
        null,
        0,
        null,
        0,
        null,
        0,
        0,
        0,
        0,
        null,
        null,
        null,
        0,
        0,
        null,
        null,
        0,
        0,
        null,
        null,
        0,
        0,
        null,
        null,
        0,
        0,
        null,
        null,
        0,
        0,
        null,
        null,
        0,
        0,
        null,
        null,
        0,
        0,
        null,
        null,
        0,
        null,
        null,
        1,
        0,
        0,
        null,
        0,
        null,
        null,
        1,
        0,
        0,
        null,
        0,
        null,
        null,
        1,
        0,
        0,
        null,
        0,
        null,
        null
      ],
      "/data/home/ubuntu/Desktop/carshipapp-117228-ruby/template-app/app/models/bx_block_admin/car_ad.rb": [
        1,
        1,
        1,
        1,
        1,
        1,
        1,
        null,
        1,
        1,
        1,
        1,
        1,
        null,
        1,
        1,
        null,
        null,
        1,
        1,
        1,
        1,
        1,
        1,
        1,
        null,
        1,
        1,
        null,
        1,
        1,
        1,
        1,
        1,
        1,
        1,
        null,
        1,
        1,
        1,
        1,
        1,
        1,
        1,
        1,
        1,
        1,
        1,
        1,
        1,
        1,
        1,
        9,
        1,
        1,
        null,
        null,
        null,
        1,
        1,
        1,
        1,
        1,
        1,
        1,
        null,
        1,
        27,
        243,
        27,
        null,
        null,
        null,
        1,
        0,
        null,
        null,
        null,
        null,
        1,
        27,
        null,
        null,
        1,
        null,
        null,
        0,
        null,
        0,
        null,
        null,
        null,
        null,
        null,
        null,
        null,
        0,
        null,
        null,
        null,
        null,
        null,
        null,
        null,
        null,
        0,
        null,
        null,
        null,
        null,
        null,
        null,
        null,
        null,
        null,
        1,
        0,
        null,
        null,
        1,
        0,
        null,
        null,
        null
      ],
      "/data/home/ubuntu/Desktop/carshipapp-117228-ruby/template-app/app/admin/bx_block_admin_car_engine_types.rb": [
        1,
        1,
        null,
        null,
        null,
        null,
        null,
        null,
        1,
        null,
        null,
        null,
        null,
        null,
        null,
        null,
        null,
        null,
        1,
        0,
        0,
        0,
        null,
        null,
        null,
        0,
        null,
        null,
        1,
        1,
        1,
        null,
        null,
        null
      ],
      "/data/home/ubuntu/Desktop/carshipapp-117228-ruby/template-app/app/models/bx_block_admin/car_engine_type.rb": [
        1,
        1,
        1,
        1,
        1,
        null
      ],
      "/data/home/ubuntu/Desktop/carshipapp-117228-ruby/template-app/app/admin/bx_block_admin_cities.rb": [
        1,
        1,
        1,
        null,
        1,
        1,
        1,
        null
      ],
      "/data/home/ubuntu/Desktop/carshipapp-117228-ruby/template-app/app/models/bx_block_admin/city.rb": [
        1,
        1,
        1,
        1,
        1,
        null,
        null
      ],
      "/data/home/ubuntu/Desktop/carshipapp-117228-ruby/template-app/app/models/bx_block_admin/application_record.rb": [
        1,
        1,
        1,
        null,
        null
      ],
      "/data/home/ubuntu/Desktop/carshipapp-117228-ruby/template-app/app/admin/bx_block_admin_colors.rb": [
        1,
        1,
        null,
        null,
        null,
        null,
        null,
        null,
        1,
        null,
        null,
        null,
        null,
        null,
        null,
        null,
        null,
        null,
        1,
        null,
        null,
        null,
        null
      ],
      "/data/home/ubuntu/Desktop/carshipapp-117228-ruby/template-app/app/models/bx_block_admin/color.rb": [
        1,
        1,
        1,
        1,
        null
      ],
      "/data/home/ubuntu/Desktop/carshipapp-117228-ruby/template-app/app/admin/bx_block_admin_companies.rb": [
        1,
        1,
        null,
        null,
        null,
        null,
        null,
        null,
        1,
        null,
        null,
        null,
        null,
        null,
        null,
        null,
        null,
        null,
        1,
        0,
        0,
        0,
        0,
        null,
        null,
        0,
        null,
        null,
        1,
        0,
        0,
        0,
        0,
        null,
        null,
        null,
        null,
        1,
        1,
        null,
        1,
        0,
        0,
        0,
        null,
        null,
        0,
        null,
        null,
        null
      ],
      "/data/home/ubuntu/Desktop/carshipapp-117228-ruby/template-app/app/models/bx_block_admin/company.rb": [
        1,
        1,
        1,
        1,
        1,
        1,
        1,
        null,
        1,
        0,
        0,
        null,
        0,
        null,
        null,
        null
      ],
      "/data/home/ubuntu/Desktop/carshipapp-117228-ruby/template-app/app/admin/bx_block_admin_contact_us.rb": [
        1,
        null,
        null,
        null,
        null,
        null,
        null,
        1,
        null,
        null,
        null,
        null,
        null,
        null,
        null,
        null,
        null,
        1,
        1,
        1,
        1,
        null,
        null
      ],
      "/data/home/ubuntu/Desktop/carshipapp-117228-ruby/template-app/app/models/bx_block_admin/contact_us.rb": [
        1,
        1,
        1,
        1,
        1,
        null,
        null
      ],
      "/data/home/ubuntu/Desktop/carshipapp-117228-ruby/template-app/app/admin/bx_block_admin_countries.rb": [
        1,
        1,
        1,
        null,
        1,
        0,
        0,
        0,
        0,
        0,
        0,
        null,
        0,
        0,
        null,
        null,
        0,
        null,
        null,
        1,
        0,
        0,
        0,
        0,
        0,
        0,
        0,
        null,
        0,
        null,
        null,
        1,
        0,
        0,
        0,
        0,
        0,
        0,
        null,
        0,
        0,
        null,
        0,
        0,
        null,
        null,
        null,
        null,
        null,
        null,
        null,
        null,
        null,
        null,
        null,
        1,
        null,
        2,
        null,
        null
      ],
      "/data/home/ubuntu/Desktop/carshipapp-117228-ruby/template-app/app/models/bx_block_admin/country.rb": [
        1,
        1,
        1,
        1,
        1,
        1,
        1,
        1,
        null,
        null,
        1,
        1,
        0,
        0,
        null,
        null,
        null
      ],
      "/data/home/ubuntu/Desktop/carshipapp-117228-ruby/template-app/app/models/bx_block_admin/region.rb": [
        1,
        1,
        1,
        1,
        1,
        1,
        1,
        1,
        null,
        1,
        0,
        0,
        null,
        null,
        null
      ],
      "/data/home/ubuntu/Desktop/carshipapp-117228-ruby/template-app/app/admin/bx_block_admin_extras.rb": [
        1,
        1,
        null,
        null,
        null,
        null,
        null,
        null,
        1,
        null,
        null,
        null,
        null,
        null,
        null,
        null,
        null,
        null,
        1,
        null,
        null
      ],
      "/data/home/ubuntu/Desktop/carshipapp-117228-ruby/template-app/app/models/bx_block_admin/extra.rb": [
        1,
        1,
        1,
        1,
        null,
        null,
        null,
        null
      ],
      "/data/home/ubuntu/Desktop/carshipapp-117228-ruby/template-app/app/admin/bx_block_admin_features.rb": [
        1,
        1,
        null,
        1,
        null,
        1,
        null
      ],
      "/data/home/ubuntu/Desktop/carshipapp-117228-ruby/template-app/app/models/bx_block_admin/feature.rb": [
        1,
        1,
        1,
        1,
        null
      ],
      "/data/home/ubuntu/Desktop/carshipapp-117228-ruby/template-app/app/admin/bx_block_admin_flash_screens.rb": [
        1,
        null,
        null,
        1,
        null,
        1,
        0,
        0,
        0,
        0,
        0,
        0,
        0,
        0,
        null,
        null,
        0,
        0,
        0,
        0,
        0,
        null,
        null,
        0,
        0,
        0,
        null,
        null,
        0,
        null,
        null,
        1,
        0,
        0,
        0,
        0,
        null,
        0,
        0,
        0,
        null,
        null,
        0,
        0,
        null,
        0,
        0,
        0,
        null,
        null,
        null,
        0,
        0,
        0,
        null,
        null,
        null,
        0,
        0,
        null,
        0,
        0,
        null,
        null,
        null,
        1,
        0,
        0,
        0,
        0,
        null,
        null,
        0,
        0,
        null,
        0,
        0,
        null,
        0,
        0,
        null,
        0,
        0,
        0,
        0,
        null,
        null,
        0,
        null,
        null,
        1,
        1,
        1,
        1,
        1,
        1,
        null,
        null
      ],
      "/data/home/ubuntu/Desktop/carshipapp-117228-ruby/template-app/app/models/bx_block_admin/flash_screen.rb": [
        1,
        1,
        1,
        null,
        null,
        1,
        1,
        null,
        1,
        null,
        null
      ],
      "/data/home/ubuntu/Desktop/carshipapp-117228-ruby/template-app/app/admin/bx_block_admin_global_offices.rb": [
        1,
        null,
        1,
        null,
        1,
        null,
        null
      ],
      "/data/home/ubuntu/Desktop/carshipapp-117228-ruby/template-app/app/models/bx_block_admin/global_office.rb": [
        1,
        1,
        1,
        1,
        1,
        1,
        1,
        null,
        null
      ],
      "/data/home/ubuntu/Desktop/carshipapp-117228-ruby/template-app/app/admin/bx_block_admin_models.rb": [
        1,
        1,
        null,
        1,
        null,
        1,
        0,
        0,
        0,
        0,
        0,
        0,
        0,
        0,
        null,
        null,
        0,
        0,
        null,
        null,
        0,
        null,
        null,
        1,
        1,
        1,
        null,
        null,
        1,
        4,
        null,
        1,
        null
      ],
      "/data/home/ubuntu/Desktop/carshipapp-117228-ruby/template-app/app/models/bx_block_admin/model.rb": [
        1,
        1,
        1,
        1,
        1,
        1,
        1,
        1,
        1,
        1,
        27,
        null,
        null
      ],
      "/data/home/ubuntu/Desktop/carshipapp-117228-ruby/template-app/app/admin/bx_block_admin_ports.rb": [
        1,
        null,
        1,
        0,
        0,
        0,
        null,
        null,
        null
      ],
      "/data/home/ubuntu/Desktop/carshipapp-117228-ruby/template-app/app/models/bx_block_admin/port.rb": [
        1,
        1,
        1,
        1,
        null,
        null
      ],
      "/data/home/ubuntu/Desktop/carshipapp-117228-ruby/template-app/app/admin/bx_block_admin_regional_specs.rb": [
        1,
        1,
        null,
        1,
        1,
        null
      ],
      "/data/home/ubuntu/Desktop/carshipapp-117228-ruby/template-app/app/models/bx_block_admin/regional_spec.rb": [
        1,
        1,
        1,
        1,
        null
      ],
      "/data/home/ubuntu/Desktop/carshipapp-117228-ruby/template-app/app/admin/bx_block_admin_regions.rb": [
        1,
        1,
        1,
        null,
        1,
        null,
        1,
        0,
        0,
        0,
        0,
        0,
        0,
        0,
        null,
        null,
        null,
        0,
        0,
        0,
        0,
        0,
        0,
        0,
        null,
        null,
        0,
        null,
        null,
        1,
        0,
        0,
        0,
        0,
        0,
        null,
        0,
        0,
        null,
        null,
        null,
        1,
        null
      ],
      "/data/home/ubuntu/Desktop/carshipapp-117228-ruby/template-app/app/admin/bx_block_admin_seller_types.rb": [
        1,
        1,
        1,
        null,
        1,
        0,
        0,
        null,
        0,
        null,
        null,
        1,
        null
      ],
      "/data/home/ubuntu/Desktop/carshipapp-117228-ruby/template-app/app/models/bx_block_admin/seller_type.rb": [
        1,
        1,
        1,
        1,
        null
      ],
      "/data/home/ubuntu/Desktop/carshipapp-117228-ruby/template-app/app/admin/bx_block_admin_states.rb": [
        1,
        1,
        1,
        null,
        1,
        null
      ],
      "/data/home/ubuntu/Desktop/carshipapp-117228-ruby/template-app/app/models/bx_block_admin/state.rb": [
        1,
        1,
        1,
        1,
        1,
        1,
        null,
        null
      ],
      "/data/home/ubuntu/Desktop/carshipapp-117228-ruby/template-app/app/admin/bx_block_admin_terms_and_conditions.rb": [
        1,
        null,
        1,
        null,
        1,
        0,
        0,
        0,
        0,
        null,
        0,
        0,
        0,
        null,
        null,
        1,
        0,
        0,
        null,
        null,
        0,
        null,
        null,
        1,
        0,
        0,
        0,
        null,
        0,
        0,
        null,
        null,
        null,
        null
      ],
      "/data/home/ubuntu/Desktop/carshipapp-117228-ruby/template-app/app/models/bx_block_admin/terms_and_condition.rb": [
        1,
        1,
        1,
        1,
        null,
        null
      ],
      "/data/home/ubuntu/Desktop/carshipapp-117228-ruby/template-app/app/admin/bx_block_admin_trims.rb": [
        1,
        1,
        null,
        1,
        null,
        1,
        1,
        null
      ],
      "/data/home/ubuntu/Desktop/carshipapp-117228-ruby/template-app/app/models/bx_block_admin/trim.rb": [
        1,
        1,
        1,
        1,
        1,
        null
      ],
      "/data/home/ubuntu/Desktop/carshipapp-117228-ruby/template-app/app/admin/bx_block_admin_vehicle_inspections.rb": [
        1,
        1,
        1,
        1,
        1,
        1,
        1,
        null,
        1,
        null,
        1,
        1,
        0,
        0,
        0,
        0,
        null,
        0,
        0,
        0,
        null,
        null,
        0,
        null,
        null,
        null,
        1,
        0,
        0,
        0,
        0,
        0,
        0,
        0,
        0,
        0,
        0,
        0,
        0,
        0,
        0,
        null,
        0,
        0,
        null,
        0,
        null,
        null,
        1,
        0,
        0,
        0,
        0,
        0,
        0,
        null,
        0,
        null,
        null,
        0,
        0,
        null,
        0,
        0,
        null,
        null,
        0,
        null,
        0,
        0,
        null,
        null,
        0,
        0,
        null,
        null,
        null,
        null,
        null,
        null,
        null,
        null,
        null,
        null,
        null,
        null,
        null,
        null,
        null,
        null,
        0,
        null,
        0,
        null,
        0,
        0,
        null,
        null,
        0,
        0,
        null,
        null,
        null,
        0,
        0,
        null,
        null,
        null,
        null,
        null,
        null,
        null,
        0,
        null,
        0,
        0,
        null,
        0,
        0,
        0,
        0,
        null,
        null,
        null,
        null,
        null,
        null,
        null,
        null,
        null,
        null,
        null,
        null,
        null,
        null,
        null,
        null,
        null,
        null,
        null,
        null,
        null,
        null,
        null,
        null,
        null,
        0,
        0,
        null,
        null,
        null,
        null,
        null,
        null,
        0,
        0,
        null,
        null,
        null,
        null,
        null,
        1,
        0,
        0,
        0,
        0,
        0,
        0,
        null,
        0,
        null,
        0,
        0,
        null,
        0,
        0,
        0,
        null,
        null,
        0,
        null,
        null,
        null,
        0,
        0,
        0,
        0,
        0,
        null,
        null,
        null,
        0,
        0,
        null,
        0,
        0,
        null,
        0,
        0,
        null,
        null,
        0,
        0,
        0,
        0,
        null,
        null,
        null,
        null,
        null,
        null,
        null,
        null,
        null,
        null,
        null,
        null,
        null,
        null,
        0,
        null,
        0,
        0,
        null,
        0,
        0,
        null,
        null,
        0,
        null,
        0,
        0,
        null,
        0,
        0,
        null,
        null,
        null,
        0,
        null,
        0,
        null,
        null,
        null,
        null,
        null,
        null,
        null,
        null,
        null,
        null,
        null,
        null,
        null,
        null,
        null,
        null,
        null,
        null,
        null,
        null,
        null,
        null,
        null,
        null,
        null,
        null,
        null,
        null,
        0,
        null,
        null,
        0,
        null,
        0,
        null,
        null,
        null,
        null,
        null,
        null,
        null,
        1,
        1,
        1,
        4,
        2,
        1,
        1,
        1,
        1,
        1,
        1,
        1,
        4,
        1,
        1,
        1,
        null
      ],
      "/data/home/ubuntu/Desktop/carshipapp-117228-ruby/template-app/app/models/bx_block_admin/vehicle_inspection.rb": [
        1,
        1,
        1,
        null,
        1,
        1,
        null,
        93,
        1,
        1,
        1,
        1,
        1,
        1,
        1,
        1,
        1,
        1,
        1,
        1,
        1,
        1,
        1,
        1,
        1,
        1,
        1,
        1,
        1,
        1,
        1,
        1,
        null,
        1,
        1,
        1,
        1,
        1,
        110,
        null,
        null,
        null,
        null,
        null,
        null,
        null,
        null,
        null,
        1,
        1,
        1,
        1,
        null,
        null,
        null,
        null,
        null,
        null,
        null,
        null,
        null,
        null,
        1,
        1,
        1,
        1,
        1,
        null,
        1,
        1,
        null,
        null,
        1,
        0,
        0,
        null,
        null,
        1,
        107,
        2,
        2,
        null,
        null,
        105,
        null,
        0,
        null,
        0,
        105,
        null,
        null,
        35,
        0,
        null,
        70,
        0,
        0,
        0,
        null,
        null,
        null,
        null,
        null,
        1,
        49,
        0,
        0,
        null,
        0,
        null,
        null,
        null,
        1,
        0,
        0,
        0,
        null,
        0,
        0,
        null,
        null,
        null,
        1,
        0,
        0,
        0,
        0,
        null,
        null,
        null,
        null,
        1,
        null,
        1,
        0,
        0,
        0,
        0,
        null,
        null,
        1,
        null,
        58,
        58,
        58,
        58,
        57,
        57,
        57,
        1,
        1,
        1,
        1,
        null,
        null,
        58,
        null,
        null,
        null,
        null,
        null,
        null,
        null,
        null,
        null,
        null,
        null,
        58,
        58,
        null,
        null,
        1,
        0,
        0,
        0,
        0,
        null,
        null,
        null,
        null,
        null,
        null
      ],
      "/data/home/ubuntu/Desktop/carshipapp-117228-ruby/template-app/app/models/concerns/stripe_payment_link.rb": [
        1,
        1,
        null,
        null,
        1,
        null,
        0,
        0,
        null,
        0,
        0,
        null,
        0,
        0,
        0,
        null,
        null,
        0,
        null,
        0,
        0,
        0,
        null,
        null,
        null,
        1,
        0,
        0,
        null,
        null,
        1,
        null,
        1,
        0,
        0,
        0,
        0,
        0,
        null,
        null,
        null,
        null
      ],
      "/data/home/ubuntu/Desktop/carshipapp-117228-ruby/template-app/app/admin/bx_block_advertisement_advertisements.rb": [
        1,
        null,
        1,
        1,
        null,
        1,
        0,
        0,
        0,
        0,
        null,
        null,
        0,
        null,
        null,
        1,
        0,
        0,
        0,
        0,
        null,
        null,
        null,
        0,
        null,
        null,
        1,
        0,
        0,
        0,
        0,
        0,
        null,
        null,
        null,
        1,
        null
      ],
      "/data/home/ubuntu/Desktop/carshipapp-117228-ruby/template-app/app/models/bx_block_advertisement.rb": [
        1,
        1,
        0,
        null,
        null
      ],
      "/data/home/ubuntu/Desktop/carshipapp-117228-ruby/template-app/app/models/bx_block_advertisement/advertisement.rb": [
        1,
        1,
        1,
        1,
        1,
        1,
        1,
        null,
        1,
        null,
        null
      ],
      "/data/home/ubuntu/Desktop/carshipapp-117228-ruby/template-app/app/admin/bx_block_app_review_app_reviews.rb": [
        1,
        null,
        1,
        null,
        1,
        0,
        0,
        0,
        null,
        0,
        0,
        0,
        null,
        null
      ],
      "/data/home/ubuntu/Desktop/carshipapp-117228-ruby/template-app/app/models/bx_block_reviews/app_review.rb": [
        1,
        1,
        1,
        1,
        1,
        null,
        null
      ],
      "/data/home/ubuntu/Desktop/carshipapp-117228-ruby/template-app/app/models/bx_block_reviews/application_record.rb": [
        1,
        1,
        1,
        null,
        null
      ],
      "/data/home/ubuntu/Desktop/carshipapp-117228-ruby/template-app/app/admin/bx_block_categories_categories.rb": [
        1,
        null,
        1,
        null,
        1,
        0,
        0,
        0,
        0,
        0,
        0,
        null,
        null,
        1,
        1,
        null,
        1,
        0,
        0,
        0,
        0,
        null,
        0,
        0,
        0,
        0,
        null,
        null,
        null,
        0,
        null,
        null,
        1,
        0,
        0,
        0,
        0,
        0,
        0,
        0,
        0,
        0,
        0,
        0,
        0,
        0,
        0,
        null,
        null,
        null,
        null,
        null,
        null
      ],
      "/data/home/ubuntu/Desktop/carshipapp-117228-ruby/template-app/app/models/bx_block_categories/category.rb": [
        1,
        1,
        1,
        null,
        1,
        1,
        1,
        1,
        1,
        1,
        null,
        1,
        null,
        null,
        1,
        1,
        null,
        1,
        null,
        1,
        null,
        null,
        1,
        1,
        null,
        1,
        1,
        null,
        null
      ],
      "/data/home/ubuntu/Desktop/carshipapp-117228-ruby/template-app/app/models/bx_block_categories/application_record.rb": [
        1,
        1,
        1,
        null,
        null
      ],
      "/data/home/ubuntu/Desktop/carshipapp-117228-ruby/template-app/app/uploaders/image_uploader.rb": [
        1,
        null,
        null,
        1,
        null,
        null,
        null,
        1,
        null,
        null,
        null,
        1,
        6,
        null,
        null,
        null,
        null,
        null,
        null,
        null,
        null,
        null,
        null,
        null,
        null,
        null,
        null,
        null,
        null,
        null,
        null,
        null,
        null,
        null,
        null,
        null,
        null,
        1,
        10,
        null,
        null,
        null,
        null,
        null,
        null,
        null,
        null
      ],
      "/data/home/ubuntu/Desktop/carshipapp-117228-ruby/template-app/app/admin/bx_block_invoicebilling_bank_details.rb": [
        1,
        null,
        1,
        null,
        1,
        0,
        0,
        0,
        0,
        0,
        0,
        null,
        0,
        null,
        null,
        1,
        null
      ],
      "/data/home/ubuntu/Desktop/carshipapp-117228-ruby/template-app/app/models/bx_block_invoicebilling.rb": [
        1,
        1,
        0,
        null,
        null
      ],
      "/data/home/ubuntu/Desktop/carshipapp-117228-ruby/template-app/app/models/bx_block_invoicebilling/bank_detail.rb": [
        1,
        1,
        1,
        1,
        1,
        null,
        null,
        null
      ],
      "/data/home/ubuntu/Desktop/carshipapp-117228-ruby/template-app/app/models/bx_block_invoicebilling/application_record.rb": [
        1,
        1,
        1,
        null,
        null
      ],
      "/data/home/ubuntu/Desktop/carshipapp-117228-ruby/template-app/app/admin/bx_block_ordercreation3_car_orders.rb": [
        1,
        1,
        null,
        1,
        1,
        null,
        null,
        null,
        null,
        null,
        1,
        null,
        null,
        null,
        null,
        null,
        null,
        null,
        null,
        null,
        null,
        null,
        null,
        null,
        null,
        null,
        1,
        null,
        1,
        1,
        1,
        1,
        1,
        1,
        1,
        1,
        null,
        1,
        0,
        0,
        0,
        0,
        0,
        0,
        0,
        0,
        0,
        0,
        0,
        0,
        0,
        0,
        0,
        0,
        0,
        null,
        null,
        0,
        0,
        null,
        null,
        null,
        0,
        null,
        0,
        null,
        null,
        null,
        null,
        0,
        null,
        null,
        null,
        null,
        0,
        0,
        0,
        0,
        null,
        0,
        0,
        0,
        0,
        0,
        null,
        null,
        null,
        null,
        null,
        0,
        0,
        0,
        null,
        null,
        null,
        0,
        null,
        null,
        1,
        0,
        0,
        0,
        0,
        0,
        0,
        0,
        0,
        0,
        0,
        0,
        0,
        null,
        0,
        null,
        null,
        1,
        0,
        0,
        0,
        0,
        null,
        0,
        0,
        0,
        0,
        0,
        0,
        0,
        0,
        0,
        0,
        0,
        0,
        0,
        0,
        0,
        0,
        0,
        0,
        null,
        0,
        0,
        null,
        0,
        0,
        null,
        null,
        0,
        0,
        0,
        0,
        null,
        0,
        null,
        null,
        null,
        null,
        null,
        null,
        null,
        null,
        1,
        1,
        1,
        1,
        null,
        null,
        null
      ],
      "/data/home/ubuntu/Desktop/carshipapp-117228-ruby/template-app/app/models/bx_block_ordercreation3.rb": [
        1,
        1,
        0,
        null,
        null
      ],
      "/data/home/ubuntu/Desktop/carshipapp-117228-ruby/template-app/app/models/bx_block_ordercreation3/car_order.rb": [
        1,
        1,
        1,
        1,
        1,
        null,
        1,
        1,
        1,
        null,
        1,
        1,
        1,
        1,
        1,
        1,
        null,
        1,
        null,
        null,
        null,
        1,
        1,
        null,
        1,
        1,
        1,
        null,
        1,
        1,
        1,
        1,
        1,
        null,
        1,
        null,
        1,
        null,
        1,
        58,
        0,
        null,
        58,
        0,
        null,
        null,
        null,
        1,
        58,
        0,
        null,
        null,
        null,
        1,
        58,
        0,
        null,
        0,
        null,
        null,
        null,
        1,
        58,
        0,
        null,
        null,
        null,
        1,
        58,
        58,
        null,
        0,
        null,
        0,
        null,
        0,
        null,
        null,
        null,
        null,
        1,
        58,
        58,
        522,
        58,
        58,
        58,
        null,
        null,
        null,
        null,
        null
      ],
      "/data/home/ubuntu/Desktop/carshipapp-117228-ruby/template-app/app/models/bx_block_ordercreation3/application_record.rb": [
        1,
        1,
        1,
        null,
        null
      ],
      "/data/home/ubuntu/Desktop/carshipapp-117228-ruby/template-app/app/models/concerns/push_notification_helper.rb": [
        1,
        1,
        null,
        1,
        0,
        null,
        null,
        null,
        null,
        null,
        null,
        null,
        null,
        null,
        null,
        null
      ],
      "/data/home/ubuntu/Desktop/carshipapp-117228-ruby/template-app/app/admin/bx_block_plan_plans.rb": [
        1,
        null,
        1,
        null,
        1,
        0,
        0,
        0,
        0,
        0,
        0,
        null,
        null,
        null,
        null,
        0,
        null,
        null,
        1,
        0,
        0,
        0,
        null,
        null,
        1,
        1,
        1,
        null
      ],
      "/data/home/ubuntu/Desktop/carshipapp-117228-ruby/template-app/app/models/bx_block_plan/plan.rb": [
        null,
        null,
        1,
        1,
        1,
        1,
        1,
        1,
        1,
        null,
        null,
        1,
        1,
        null,
        1,
        null,
        1,
        54,
        null,
        null,
        null
      ],
      "/data/home/ubuntu/Desktop/carshipapp-117228-ruby/template-app/app/models/bx_block_plan/application_record.rb": [
        null,
        null,
        1,
        1,
        1,
        null,
        null
      ],
      "/data/home/ubuntu/Desktop/carshipapp-117228-ruby/template-app/app/admin/bx_block_plan_user_subscriptions.rb": [
        1,
        1,
        null,
        1,
        1,
        1,
        1,
        null,
        1,
        0,
        0,
        0,
        0,
        null,
        0,
        0,
        null,
        0,
        null,
        null,
        0,
        0,
        0,
        null,
        null
      ],
      "/data/home/ubuntu/Desktop/carshipapp-117228-ruby/template-app/app/models/bx_block_plan/user_subscription.rb": [
        1,
        1,
        1,
        1,
        1,
        1,
        null,
        1,
        null,
        1,
        1,
        null,
        1,
        0,
        0,
        0,
        0,
        null,
        null,
        1,
        0,
        0,
        0,
        null,
        null,
        null,
        1,
        1,
        27,
        null,
        null,
        27,
        27,
        27,
        null,
        null,
        null
      ],
      "/data/home/ubuntu/Desktop/carshipapp-117228-ruby/template-app/app/admin/bx_block_rate_card_destination_handlings.rb": [
        1,
        1,
        1,
        1,
        null,
        null,
        null,
        null,
        null,
        null,
        null,
        1,
        null,
        null,
        null,
        null,
        null,
        null,
        null,
        null,
        1,
        0,
        0,
        0,
        0,
        0,
        0,
        null,
        0,
        null,
        null,
        1,
        0,
        0,
        0,
        0,
        0,
        null,
        null,
        0,
        null,
        null,
        1,
        0,
        0,
        0,
        0,
        null,
        null,
        1,
        0,
        null,
        null,
        1,
        0,
        0,
        0,
        null,
        0,
        null,
        null,
        1,
        1,
        null,
        null
      ],
      "/data/home/ubuntu/Desktop/carshipapp-117228-ruby/template-app/app/models/bx_block_rate_card.rb": [
        1,
        1,
        0,
        null,
        null
      ],
      "/data/home/ubuntu/Desktop/carshipapp-117228-ruby/template-app/app/models/bx_block_rate_card/destination_handling.rb": [
        1,
        1,
        1,
        1,
        1,
        1,
        null,
        null
      ],
      "/data/home/ubuntu/Desktop/carshipapp-117228-ruby/template-app/app/admin/bx_block_rate_card_documentation_charges.rb": [
        1,
        1,
        null,
        1,
        1,
        null,
        null,
        null,
        null,
        null,
        1,
        null,
        null,
        null,
        null,
        null,
        null,
        null,
        null,
        null,
        1,
        0,
        0,
        0,
        0,
        0,
        null,
        0,
        null,
        null,
        1,
        0,
        0,
        0,
        null,
        null,
        1,
        0,
        0,
        0,
        0,
        null,
        null,
        0,
        null,
        1,
        0,
        null,
        null,
        1,
        0,
        0,
        0,
        null,
        0,
        null,
        null,
        1,
        1,
        null,
        null,
        null,
        null
      ],
      "/data/home/ubuntu/Desktop/carshipapp-117228-ruby/template-app/app/models/bx_block_rate_card/documentation_charge.rb": [
        1,
        1,
        1,
        null,
        1,
        1,
        1,
        null,
        null,
        null,
        null,
        null,
        null,
        null,
        null,
        null,
        null,
        null,
        null,
        null,
        null,
        null,
        null,
        null,
        null,
        null,
        null,
        null,
        null,
        null,
        null,
        null,
        null,
        null,
        null,
        null,
        null,
        null,
        null,
        null,
        null,
        null,
        null,
        null,
        null,
        null,
        null,
        null,
        null,
        null,
        null
      ],
      "/data/home/ubuntu/Desktop/carshipapp-117228-ruby/template-app/app/admin/bx_block_rate_card_inspection_charges.rb": [
        1,
        1,
        null,
        1,
        1,
        1,
        null,
        1,
        0,
        0,
        0,
        0,
        0,
        null,
        0,
        null,
        null,
        1,
        0,
        0,
        0,
        0,
        null,
        null,
        0,
        null,
        null,
        1,
        0,
        0,
        0,
        null,
        null,
        1,
        0,
        null,
        null,
        1,
        0,
        0,
        0,
        null,
        0,
        null,
        null,
        1,
        1,
        null
      ],
      "/data/home/ubuntu/Desktop/carshipapp-117228-ruby/template-app/app/models/bx_block_rate_card/inspection_charge.rb": [
        1,
        1,
        1,
        null,
        1,
        1,
        null,
        1,
        null,
        null,
        null,
        null,
        null,
        null,
        null,
        null,
        null,
        null,
        null,
        null,
        null,
        null,
        null,
        null,
        null,
        null,
        null,
        null,
        null,
        null,
        null,
        null,
        null,
        null,
        null,
        null,
        null,
        null,
        null,
        null,
        null,
        null,
        null,
        null,
        null,
        null,
        null,
        null,
        null,
        null,
        null,
        null,
        null,
        null,
        null,
        null,
        null
      ],
      "/data/home/ubuntu/Desktop/carshipapp-117228-ruby/template-app/app/admin/bx_block_rate_card_shipping_charges.rb": [
        1,
        1,
        null,
        1,
        1,
        null,
        1,
        null,
        1,
        0,
        0,
        0,
        0,
        0,
        0,
        0,
        null,
        0,
        null,
        null,
        1,
        0,
        0,
        0,
        0,
        0,
        0,
        null,
        null,
        0,
        null,
        null,
        1,
        0,
        0,
        0,
        0,
        0,
        0,
        null,
        null,
        null,
        1,
        0,
        0,
        0,
        0,
        0,
        null,
        null,
        1,
        0,
        null,
        null,
        1,
        0,
        0,
        0,
        null,
        0,
        null,
        null,
        1,
        1,
        1,
        null
      ],
      "/data/home/ubuntu/Desktop/carshipapp-117228-ruby/template-app/app/models/bx_block_rate_card/shipping_charge.rb": [
        1,
        1,
        1,
        null,
        1,
        null,
        1,
        1,
        null,
        null,
        null,
        null,
        null,
        null,
        null,
        null,
        null,
        null,
        null,
        null,
        null,
        null,
        null,
        null,
        null,
        null,
        null,
        null,
        null,
        null,
        null,
        null,
        null,
        null,
        null,
        null,
        null,
        null,
        null,
        null,
        null,
        null,
        null,
        null,
        null,
        null,
        null,
        null,
        null,
        null
      ],
      "/data/home/ubuntu/Desktop/carshipapp-117228-ruby/template-app/app/admin/bx_block_shipment_shipments.rb": [
        1,
        1,
        null,
        1,
        null,
        null,
        null,
        null,
        1,
        null,
        1,
        0,
        0,
        0,
        0,
        null,
        null,
        null,
        null,
        0,
        null,
        null,
        null,
        null,
        0,
        0,
        0,
        0,
        null,
        0,
        0,
        0,
        0,
        0,
        0,
        0,
        0,
        null,
        0,
        null,
        null,
        1,
        0,
        0,
        0,
        null,
        0,
        null,
        0,
        0,
        0,
        null,
        0,
        0,
        0,
        0,
        0,
        0,
        0,
        0,
        0,
        0,
        null,
        0,
        null,
        null,
        1,
        0,
        0,
        null,
        0,
        null,
        0,
        0,
        0,
        null,
        0,
        0,
        0,
        0,
        0,
        0,
        0,
        0,
        0,
        0,
        0,
        0,
        null,
        0,
        0,
        0,
        0,
        0,
        0,
        null,
        null,
        null,
        null,
        null,
        null,
        0,
        0,
        null,
        null,
        0,
        0,
        0,
        0,
        0,
        0,
        null,
        null,
        null,
        null,
        null,
        0,
        null,
        null,
        1,
        1,
        1,
        1,
        null
      ],
      "/data/home/ubuntu/Desktop/carshipapp-117228-ruby/template-app/app/models/bx_block_shipment.rb": [
        1,
        1,
        0,
        null,
        null
      ],
      "/data/home/ubuntu/Desktop/carshipapp-117228-ruby/template-app/app/models/bx_block_shipment/shipment.rb": [
        1,
        1,
        1,
        1,
        1,
        1,
        1,
        null,
        1,
        1,
        1,
        null,
        null,
        null,
        null,
        null,
        1,
        null,
        1,
        1,
        1,
        1,
        1,
        1,
        null,
        null,
        null,
        1,
        1,
        1,
        1,
        1,
        null,
        1,
        null,
        null,
        null,
        null,
        null,
        1,
        1,
        1,
        null,
        1,
        null,
        1,
        0,
        0,
        null,
        null,
        null,
        1,
        0,
        0,
        0,
        0,
        0,
        null,
        null,
        null,
        1,
        0,
        0,
        null,
        0,
        0,
        null,
        null,
        null,
        1,
        0,
        0,
        0,
        null,
        0,
        null,
        null,
        null,
        1,
        0,
        0,
        0,
        null,
        0,
        0,
        null,
        null,
        null,
        1,
        0,
        0,
        0,
        0,
        null,
        null,
        null,
        null,
        null
      ],
      "/data/home/ubuntu/Desktop/carshipapp-117228-ruby/template-app/app/models/concerns/transaction_helper.rb": [
        1,
        1,
        null,
        1,
        1,
        0,
        0,
        null,
        0,
        null,
        0,
        null,
        null,
        null,
        null,
        1,
        0,
        0,
        null,
        0,
        null,
        0,
        null,
        null,
        null,
        null,
        1,
        0,
        0,
        null,
        0,
        null,
        0,
        null,
        0,
        null,
        null,
        null,
        1,
        0,
        0,
        null,
        null,
        null,
        null,
        null
      ],
      "/data/home/ubuntu/Desktop/carshipapp-117228-ruby/template-app/app/admin/bx_block_vehicle_order_vehicle_orders.rb": [
        1,
        null,
        1,
        null,
        1,
        null,
        null,
        null,
        null,
        null,
        1,
        1,
        null,
        1,
        0,
        0,
        0,
        0,
        0,
        0,
        0,
        0,
        null,
        0,
        0,
        null,
        0,
        0,
        null,
        null,
        null,
        null,
        0,
        0,
        null,
        0,
        0,
        null,
        null,
        0,
        null,
        null,
        0,
        null,
        null,
        0,
        null,
        0,
        null,
        null,
        0,
        null,
        null,
        0,
        null,
        null,
        1,
        1,
        0,
        0,
        0,
        0,
        null,
        0,
        0,
        0,
        null,
        null,
        0,
        null,
        null,
        null,
        1,
        0,
        0,
        0,
        0,
        0,
        0,
        0,
        0,
        0,
        0,
        0,
        0,
        0,
        0,
        null,
        0,
        0,
        0,
        0,
        0,
        null,
        0,
        0,
        null,
        0,
        0,
        null,
        null,
        0,
        0,
        0,
        0,
        0,
        null,
        null,
        null,
        null,
        null,
        null,
        null,
        null
      ],
      "/data/home/ubuntu/Desktop/carshipapp-117228-ruby/template-app/app/models/bx_block_vehicle_shipping/vehicle_order.rb": [
        1,
        1,
        1,
        1,
        1,
        1,
        1,
        1,
        1,
        1,
        1,
        1,
        1,
        null,
        1,
        null,
        null,
        null,
        1,
        1,
        null,
        1,
        null,
        1,
        1,
        1,
        1,
        null,
        1,
        2,
        2,
        18,
        2,
        2,
        2,
        null,
        null,
        null,
        null,
        null,
        1,
        2,
        null,
        null,
        1,
        2,
        0,
        0,
        null,
        null,
        null,
        null,
        1,
        2,
        0,
        0,
        0,
        0,
        0,
        0,
        null,
        0,
        null,
        null,
        null,
        null,
        1,
        null,
        2,
        0,
        0,
        null,
        null,
        null,
        null,
        null
      ],
      "/data/home/ubuntu/Desktop/carshipapp-117228-ruby/template-app/app/admin/bx_block_vehicle_selling_vehicle_sellings.rb": [
        1,
        null,
        1,
        null,
        1,
        null,
        null,
        null,
        null,
        null,
        null,
        1,
        0,
        0,
        null,
        null,
        1,
        1,
        0,
        null,
        null,
        null,
        1,
        0,
        0,
        0,
        0,
        null,
        0,
        0,
        null,
        0,
        0,
        null,
        0,
        0,
        null,
        0,
        0,
        null,
        0,
        0,
        null,
        0,
        0,
        0,
        null,
        0,
        0,
        0,
        0,
        null,
        null,
        null,
        null,
        1,
        0,
        0,
        0,
        null,
        0,
        0,
        null,
        0,
        0,
        null,
        0,
        0,
        null,
        0,
        0,
        null,
        0,
        0,
        null,
        0,
        0,
        null,
        0,
        0,
        null,
        0,
        0,
        null,
        0,
        0,
        null,
        0,
        0,
        null,
        0,
        0,
        0,
        0,
        null,
        0,
        0,
        null,
        0,
        0,
        null,
        0,
        0,
        null,
        0,
        0,
        null,
        0,
        0,
        null,
        0,
        0,
        null,
        0,
        0,
        null,
        0,
        0,
        null,
        0,
        0,
        null,
        0,
        0,
        null,
        0,
        0,
        null,
        0,
        0,
        null,
        0,
        0,
        null,
        0,
        0,
        null,
        null,
        null,
        null,
        1,
        0,
        0,
        0,
        0,
        0,
        0,
        0,
        0,
        0,
        0,
        0,
        0,
        0,
        0,
        0,
        0,
        0,
        0,
        0,
        0,
        0,
        0,
        0,
        0,
        0,
        0,
        0,
        0,
        null,
        0,
        null,
        null,
        null
      ],
      "/data/home/ubuntu/Desktop/carshipapp-117228-ruby/template-app/app/models/bx_block_vehicle_shipping/vehicle_selling.rb": [
        1,
        1,
        1,
        null,
        1,
        null,
        1,
        1,
        1,
        1,
        1,
        1,
        1,
        1,
        null,
        1,
        1,
        1,
        1,
        1,
        1,
        1,
        9,
        1,
        1,
        null,
        1,
        null,
        1,
        1,
        1,
        1,
        null,
        1,
        null,
        1,
        null,
        1,
        0,
        null,
        null,
        1,
        0,
        null,
        null,
        1,
        0,
        0,
        0,
        0,
        0,
        0,
        null,
        null,
        null,
        null
      ],
      "/data/home/ubuntu/Desktop/carshipapp-117228-ruby/template-app/app/admin/bx_block_vehicle_shipment_orders.rb": [
        1,
        1,
        null,
        1,
        1,
        null,
        null,
        1,
        null,
        null,
        null,
        null,
        null,
        1,
        null,
        1,
        1,
        1,
        1,
        1,
        null,
        1,
        0,
        0,
        0,
        0,
        0,
        0,
        0,
        0,
        0,
        0,
        null,
        null,
        0,
        0,
        null,
        null,
        null,
        0,
        null,
        0,
        null,
        null,
        null,
        null,
        0,
        null,
        null,
        null,
        null,
        0,
        0,
        0,
        0,
        null,
        0,
        0,
        0,
        0,
        0,
        null,
        null,
        null,
        null,
        null,
        0,
        0,
        0,
        null,
        null,
        null,
        0,
        null,
        null,
        1,
        0,
        0,
        0,
        0,
        0,
        0,
        0,
        0,
        0,
        0,
        null,
        0,
        null,
        null,
        1,
        0,
        0,
        0,
        0,
        null,
        0,
        0,
        0,
        0,
        0,
        0,
        0,
        0,
        0,
        0,
        null,
        0,
        0,
        0,
        0,
        0,
        null,
        null,
        null,
        null,
        null,
        0,
        0,
        null,
        null,
        0,
        0,
        null,
        null,
        0,
        0,
        null,
        null,
        0,
        0,
        null,
        null,
        0,
        0,
        0,
        0,
        null,
        0,
        null,
        null,
        null,
        null,
        null,
        null,
        null,
        null,
        1,
        1,
        1,
        null,
        null,
        null
      ],
      "/data/home/ubuntu/Desktop/carshipapp-117228-ruby/template-app/app/admin/bx_block_vehicle_shipping_vehicle_shippings.rb": [
        1,
        1,
        null,
        1,
        null,
        1,
        null,
        1,
        1,
        1,
        null,
        1,
        0,
        0,
        0,
        0,
        0,
        0,
        0,
        null,
        null,
        0,
        0,
        0,
        0,
        null,
        null,
        null,
        1,
        0,
        0,
        0,
        0,
        0,
        0,
        0,
        null,
        0,
        null,
        0,
        0,
        null,
        0,
        0,
        0,
        null,
        0,
        0,
        0,
        0,
        0,
        null,
        null,
        0,
        0,
        0,
        null,
        null,
        null,
        1,
        0,
        0,
        null,
        0,
        0,
        0,
        0,
        0,
        0,
        0,
        null,
        0,
        0,
        0,
        0,
        0,
        0,
        0,
        0,
        null,
        0,
        null,
        null,
        null,
        1,
        0,
        0,
        0,
        0,
        0,
        0,
        0,
        0,
        null,
        0,
        0,
        0,
        null,
        null,
        null,
        1,
        0,
        0,
        0,
        0,
        0,
        0,
        0,
        0,
        0,
        0,
        0,
        0,
        null,
        0,
        0,
        0,
        null,
        null,
        0,
        0,
        0,
        0,
        null,
        0,
        null,
        null,
        0,
        0,
        0,
        0,
        0,
        0,
        null,
        null,
        null,
        1,
        0,
        0,
        0,
        0,
        0,
        null,
        0,
        0,
        0,
        null,
        null,
        null,
        1,
        0,
        0,
        0,
        0,
        0,
        0,
        null,
        null,
        1,
        0,
        0,
        0,
        0,
        0,
        0,
        0,
        0,
        null,
        0,
        null,
        0,
        0,
        0,
        null,
        null,
        null,
        0,
        0,
        0,
        0,
        null,
        null,
        0,
        null,
        null,
        null,
        0,
        0,
        0,
        0,
        null,
        null,
        0,
        null,
        null,
        null,
        0,
        0,
        0,
        0,
        null,
        null,
        0,
        null,
        null,
        null,
        0,
        0,
        0,
        0,
        null,
        null,
        0,
        null,
        null,
        null,
        0,
        0,
        0,
        0,
        null,
        null,
        0,
        null,
        null,
        null,
        0,
        0,
        0,
        0,
        0,
        null,
        null,
        0,
        null,
        null,
        null,
        null,
        null,
        null,
        null,
        1,
        0,
        null,
        0,
        null,
        0,
        null,
        0,
        null,
        null,
        null,
        0,
        null,
        0,
        null,
        0,
        null,
        0,
        null,
        0,
        null,
        null,
        null,
        0,
        null,
        0,
        0,
        0,
        0,
        0,
        0,
        0,
        null,
        null,
        null,
        0,
        null,
        0,
        null,
        null,
        null,
        0,
        null,
        0,
        null,
        0,
        null,
        0,
        null,
        0,
        0,
        0,
        null,
        null,
        null,
        0,
        null,
        0,
        0,
        0,
        0,
        0,
        0,
        0,
        0,
        0,
        0,
        0,
        0,
        0,
        0,
        0,
        0,
        0,
        null,
        null,
        0,
        null,
        null,
        null,
        null,
        0,
        null,
        null,
        0,
        null,
        null,
        null,
        0,
        null,
        null,
        0,
        null,
        null,
        null,
        0,
        null,
        null,
        0,
        null,
        null,
        1,
        0,
        0,
        0,
        0,
        0,
        0,
        0,
        0,
        0,
        0,
        0,
        0,
        0,
        0,
        0,
        0,
        0,
        0,
        0,
        0,
        0,
        0,
        0,
        0,
        0,
        0,
        0,
        0,
        0,
        0,
        0,
        0,
        0,
        0,
        0,
        0,
        0,
        0,
        0,
        0,
        0,
        0,
        0,
        0,
        0,
        null,
        null,
        0,
        0,
        null,
        null,
        0,
        0,
        null,
        null,
        0,
        0,
        null,
        null,
        0,
        0,
        null,
        null,
        0,
        0,
        null,
        null,
        0,
        0,
        null,
        null,
        0,
        0,
        null,
        null,
        0,
        0,
        0,
        0,
        0,
        null,
        null,
        null,
        null,
        null,
        0,
        0,
        0,
        0,
        0,
        null,
        null,
        null,
        null,
        null,
        0,
        0,
        0,
        0,
        0,
        null,
        null,
        null,
        null,
        null,
        0,
        0,
        0,
        0,
        0,
        null,
        null,
        null,
        null,
        null,
        0,
        0,
        0,
        0,
        0,
        null,
        null,
        null,
        null,
        null,
        0,
        0,
        0,
        0,
        0,
        null,
        null,
        null,
        null,
        null,
        0,
        null,
        null,
        null
      ],
      "/data/home/ubuntu/Desktop/carshipapp-117228-ruby/template-app/app/admin/bx_block_whats_app_numbers.rb": [
        1,
        1,
        1,
        null,
        1,
        0,
        0,
        0,
        null,
        null,
        1,
        0,
        0,
        0,
        null,
        null,
        null,
        1,
        0,
        0,
        0,
        0,
        null,
        null
      ],
      "/data/home/ubuntu/Desktop/carshipapp-117228-ruby/template-app/app/models/bx_block_whatsapp_number/whats_app_number.rb": [
        1,
        1,
        1,
        null,
        null
      ],
      "/data/home/ubuntu/Desktop/carshipapp-117228-ruby/template-app/app/admin/dashboard.rb": [
        1,
        1,
        null,
        null,
        null,
        null,
        null,
        null,
        null,
        null,
        null,
        null,
        null,
        null,
        null,
        null,
        null,
        null,
        null,
        null,
        null,
        null,
        null,
        null,
        null,
        null,
        null,
        null,
        null,
        null,
        null,
        null,
        null,
        1,
        null
      ],
      "/data/home/ubuntu/Desktop/carshipapp-117228-ruby/template-app/app/admin/notifications.rb": [
        1,
        1,
        null,
        1,
        null,
        1,
        1,
        1,
        null,
        null,
        1,
        1,
        null,
        1,
        null,
        1,
        null,
        null,
        1,
        0,
        0,
        null,
        null,
        1,
        0,
        null,
        null,
        1,
        1,
        0,
        null,
        null,
        1,
        0,
        0,
        0,
        0,
        null,
        0,
        0,
        0,
        null,
        0,
        null,
        null,
        null,
        null,
        1,
        0,
        0,
        0,
        null,
        0,
        0,
        0,
        null,
        null,
        null,
        1,
        1,
[...]
        0
      ],
      "/data/home/ubuntu/Desktop/carshipapp-117228-ruby/template-app/app/models/bx_block_forgot_password/application_record.rb": [
        0,
        0,
        0,
        0,
        0
      ],
      "/data/home/ubuntu/Desktop/carshipapp-117228-ruby/template-app/app/models/bx_block_roles_permissions/role.rb": [
        0,
        0,
        0,
        null,
        0,
        null,
        0,
        0,
        0
      ],
      "/data/home/ubuntu/Desktop/carshipapp-117228-ruby/template-app/app/models/bx_block_roles_permissions/application_record.rb": [
        0,
        0,
        0,
        0,
        0
      ],
      "/data/home/ubuntu/Desktop/carshipapp-117228-ruby/template-app/app/models/bx_block_orderdetailview/application_record.rb": [
        0,
        0,
        0,
        0,
        0
      ],
      "/data/home/ubuntu/Desktop/carshipapp-117228-ruby/template-app/app/models/bx_block_cfrealtimetracking2/application_record.rb": [
        0,
        0,
        0,
        0,
        0
      ],
      "/data/home/ubuntu/Desktop/carshipapp-117228-ruby/template-app/app/models/bx_block_reviews/review.rb": [
        0,
        0,
        0,
        null,
        0,
        0,
        0,
        0,
        0,
        null,
        0,
        0,
        0
      ],
      "/data/home/ubuntu/Desktop/carshipapp-117228-ruby/template-app/app/models/bx_block_language_options/content_language.rb": [
        0,
        0,
        0,
        null,
        0,
        0,
        null,
        0,
        0
      ],
      "/data/home/ubuntu/Desktop/carshipapp-117228-ruby/template-app/app/models/bx_block_language_options/language.rb": [
        0,
        0,
        0,
        null,
        0,
        null,
        0,
        0,
        null,
        0,
        0,
        0,
        0,
        0,
        0,
        null,
        0,
        null,
        0,
        null,
        0,
        0,
        0,
        null,
        0,
        0
      ],
      "/data/home/ubuntu/Desktop/carshipapp-117228-ruby/template-app/app/models/bx_block_language_options/application_record.rb": [
        0,
        0,
        0,
        0,
        0
      ],
      "/data/home/ubuntu/Desktop/carshipapp-117228-ruby/template-app/app/models/bx_block_language_options/application_message.rb": [
        0,
        0,
        0,
        null,
        0,
        null,
        0,
        0,
        0,
        0,
        null,
        0,
        null,
        0,
        0,
        0,
        0,
        0,
        0,
        0,
        0,
        0,
        null,
        0,
        0,
        0,
        0,
        0,
        0,
        0,
        0,
        0,
        0
      ],
      "/data/home/ubuntu/Desktop/carshipapp-117228-ruby/template-app/app/models/bx_block_custom_form/seller_account.rb": [
        0,
        0,
        0,
        0,
        0,
        0,
        0,
        0,
        null,
        0,
        0,
        0
      ],
      "/data/home/ubuntu/Desktop/carshipapp-117228-ruby/template-app/app/models/bx_block_custom_form/application_record.rb": [
        0,
        0,
        0,
        0,
        0
      ],
      "/data/home/ubuntu/Desktop/carshipapp-117228-ruby/template-app/app/models/bx_block_chatbot6/application_record.rb": [
        0,
        0,
        0,
        0,
        0
      ],
      "/data/home/ubuntu/Desktop/carshipapp-117228-ruby/template-app/app/models/bx_block_notifications/notification.rb": [
        0,
        0,
        0,
        0,
        0,
        null,
        0,
        0,
        0
      ],
      "/data/home/ubuntu/Desktop/carshipapp-117228-ruby/template-app/app/models/bx_block_notifications/application_record.rb": [
        0,
        0,
        0,
        0,
        0
      ],
      "/data/home/ubuntu/Desktop/carshipapp-117228-ruby/template-app/app/models/bx_block_admin/stripe_product.rb": [
        0,
        0,
        null,
        0
      ],
      "/data/home/ubuntu/Desktop/carshipapp-117228-ruby/template-app/app/models/bx_block_admin/vehicle_selling_inspection.rb": [
        0,
        0,
        0,
        null,
        0,
        null,
        0,
        0,
        0,
        0,
        0,
        0,
        0,
        null,
        null,
        0,
        0,
        0,
        null,
        0,
        null,
        0,
        0,
        0,
        null,
        0,
        0,
        null,
        null,
        null,
        null,
        null,
        null,
        null,
        null,
        null,
        null,
        0,
        null,
        null,
        null,
        null,
        null,
        null,
        null,
        0,
        0,
        0,
        0,
        0,
        null,
        0,
        0,
        null,
        null,
        0,
        0,
        0,
        0,
        null,
        0,
        0,
        0,
        0,
        0,
        null,
        0,
        0,
        0,
        null,
        0,
        0,
        0,
        0,
        null,
        0,
        0,
        0,
        0,
        0,
        0,
        0,
        0,
        null,
        0,
        0,
        0,
        0,
        null,
        0,
        0,
        0,
        0,
        null,
        0,
        0,
        0,
        0,
        0,
        0,
        0,
        0,
        null,
        0,
        0,
        null,
        0,
        0,
        0,
        0,
        0,
        0,
        0,
        0,
        0,
        0,
        0,
        0,
        0,
        0,
        0,
        0,
        0,
        0,
        0,
        0,
        0,
        0,
        0,
        0,
        0,
        0,
        0,
        null,
        0,
        0,
        0,
        0,
        0,
        0,
        0,
        0,
        0,
        null,
        null,
        0
      ],
      "/data/home/ubuntu/Desktop/carshipapp-117228-ruby/template-app/app/models/account_block/sms_otp.rb": [
        0,
        0,
        0,
        0,
        null,
        0,
        null,
        0,
        0,
        null,
        0,
        0,
        null,
        0,
        null,
        0,
        0,
        0,
        0,
        null,
        0,
        0,
        0,
        0,
        0,
        null,
        0,
        null,
        0,
        0,
        0,
        0,
        null,
        0,
        0,
        0,
        0,
        0,
        0,
        0
      ],
      "/data/home/ubuntu/Desktop/carshipapp-117228-ruby/template-app/app/models/account_block/sms_account.rb": [
        0,
        0,
        0,
        0,
        0,
        0
      ],
      "/data/home/ubuntu/Desktop/carshipapp-117228-ruby/template-app/app/models/account_block/email_otp.rb": [
        0,
        0,
        0,
        null,
        0,
        null,
        0,
        0,
        null,
        0,
        null,
        0,
        null,
        0,
        0,
        0,
        0,
        null,
        0,
        null,
        0,
        0,
        0,
        0,
        0,
        0,
        0
      ],
      "/data/home/ubuntu/Desktop/carshipapp-117228-ruby/template-app/app/models/bx_block_customisedorderstatus/application_record.rb": [
        0,
        0,
        0,
        0,
        0
      ],
      "/data/home/ubuntu/Desktop/carshipapp-117228-ruby/template-app/app/models/bx_block_profile/current_status_employment_type.rb": [
        0,
        0,
        0,
        0,
        0,
        0,
        0
      ],
      "/data/home/ubuntu/Desktop/carshipapp-117228-ruby/template-app/app/models/bx_block_profile/system_experience.rb": [
        0,
        0,
        0,
        0,
        0,
        0
      ],
      "/data/home/ubuntu/Desktop/carshipapp-117228-ruby/template-app/app/models/bx_block_profile/educational_qualification_field_study.rb": [
        0,
        0,
        0,
        0,
        0,
        0,
        0
      ],
      "/data/home/ubuntu/Desktop/carshipapp-117228-ruby/template-app/app/models/bx_block_profile/project.rb": [
        0,
        0,
        0,
        0,
        0,
        0,
        0
      ],
      "/data/home/ubuntu/Desktop/carshipapp-117228-ruby/template-app/app/models/bx_block_profile/profile.rb": [
        0,
        0,
        0,
        0,
        0,
        0,
        0,
        0,
        0,
        0,
        0,
        0,
        0,
        0,
        0,
        0,
        0,
        0,
        0,
        0,
        0,
        0,
        0,
        0,
        0,
        0,
        0,
        0,
        0,
        0,
        null,
        0,
        null,
        null,
        null,
        null,
        0,
        0,
        0,
        null,
        0,
        0,
        0,
        0,
        0,
        null,
        0,
        0,
        0,
        null,
        0,
        0,
        null,
        null
      ],
      "/data/home/ubuntu/Desktop/carshipapp-117228-ruby/template-app/app/models/bx_block_profile/associated.rb": [
        0,
        0,
        0,
        0,
        0,
        0
      ],
      "/data/home/ubuntu/Desktop/carshipapp-117228-ruby/template-app/app/models/bx_block_profile/language.rb": [
        0,
        0,
        0,
        0,
        0,
        0,
        0
      ],
      "/data/home/ubuntu/Desktop/carshipapp-117228-ruby/template-app/app/models/bx_block_profile/test_score_and_course.rb": [
        0,
        0,
        0,
        0,
        0,
        0,
        0
      ],
      "/data/home/ubuntu/Desktop/carshipapp-117228-ruby/template-app/app/models/bx_block_profile/employment_type.rb": [
        0,
        0,
        0,
        0,
        0,
        0,
        0
      ],
      "/data/home/ubuntu/Desktop/carshipapp-117228-ruby/template-app/app/models/bx_block_profile/associated_project.rb": [
        0,
        0,
        0,
        0,
        0,
        0,
        0
      ],
      "/data/home/ubuntu/Desktop/carshipapp-117228-ruby/template-app/app/models/bx_block_profile/field_study.rb": [
        0,
        0,
        0,
        0,
        0,
        0
      ],
      "/data/home/ubuntu/Desktop/carshipapp-117228-ruby/template-app/app/models/bx_block_profile/degree.rb": [
        0,
        0,
        0,
        0,
        0,
        0,
        0
      ],
      "/data/home/ubuntu/Desktop/carshipapp-117228-ruby/template-app/app/models/bx_block_profile/industry.rb": [
        0,
        0,
        0,
        0,
        0,
        0,
        0
      ],
      "/data/home/ubuntu/Desktop/carshipapp-117228-ruby/template-app/app/models/bx_block_profile/current_status.rb": [
        0,
        0,
        0,
        0,
        0,
        0,
        0,
        0,
        0
      ],
      "/data/home/ubuntu/Desktop/carshipapp-117228-ruby/template-app/app/models/bx_block_profile/current_status_industry.rb": [
        0,
        0,
        0,
        0,
        0,
        0,
        0
      ],
      "/data/home/ubuntu/Desktop/carshipapp-117228-ruby/template-app/app/models/bx_block_profile/career_experience_system_experience.rb": [
        0,
        0,
        0,
        0,
        0,
        0,
        0
      ],
      "/data/home/ubuntu/Desktop/carshipapp-117228-ruby/template-app/app/models/bx_block_profile/application_record.rb": [
        0,
        0,
        0,
        0,
        0
      ],
      "/data/home/ubuntu/Desktop/carshipapp-117228-ruby/template-app/app/models/bx_block_profile/course.rb": [
        0,
        0,
        0,
        0,
        0,
        0,
        0
      ],
      "/data/home/ubuntu/Desktop/carshipapp-117228-ruby/template-app/app/models/bx_block_profile/degree_educational_qualification.rb": [
        0,
        0,
        0,
        0,
        0,
        0,
        0
      ],
      "/data/home/ubuntu/Desktop/carshipapp-117228-ruby/template-app/app/models/bx_block_profile/career_experience_industry.rb": [
        0,
        0,
        0,
        0,
        0,
        0,
        0
      ],
      "/data/home/ubuntu/Desktop/carshipapp-117228-ruby/template-app/app/models/bx_block_profile/current_annual_salary.rb": [
        0,
        0,
        0,
        0,
        0,
        0
      ],
      "/data/home/ubuntu/Desktop/carshipapp-117228-ruby/template-app/app/models/bx_block_profile/publication_patent.rb": [
        0,
        0,
        0,
        0,
        0,
        0
      ],
      "/data/home/ubuntu/Desktop/carshipapp-117228-ruby/template-app/app/models/bx_block_profile/current_annual_salary_current_status.rb": [
        0,
        0,
        0,
        0,
        0,
        0,
        0
      ],
      "/data/home/ubuntu/Desktop/carshipapp-117228-ruby/template-app/app/models/bx_block_profile/award.rb": [
        0,
        0,
        0,
        0,
        0,
        0,
        0
      ],
      "/data/home/ubuntu/Desktop/carshipapp-117228-ruby/template-app/app/models/bx_block_profile/hobby.rb": [
        0,
        0,
        0,
        0,
        0,
        0,
        0
      ],
      "/data/home/ubuntu/Desktop/carshipapp-117228-ruby/template-app/app/models/bx_block_profile/career_experience_employment_type.rb": [
        0,
        0,
        0,
        0,
        0,
        0,
        0
      ],
      "/data/home/ubuntu/Desktop/carshipapp-117228-ruby/template-app/app/models/bx_block_profile/career_experience.rb": [
        0,
        0,
        0,
        0,
        0,
        0,
        0,
        0,
        0
      ],
      "/data/home/ubuntu/Desktop/carshipapp-117228-ruby/template-app/app/models/bx_block_profile/educational_qualification.rb": [
        0,
        0,
        0,
        0,
        0,
        0,
        0,
        0
      ],
      "/data/home/ubuntu/Desktop/carshipapp-117228-ruby/template-app/app/models/vehicle_payment.rb": [
        0,
        0,
        0,
        0,
        0
      ],
      "/data/home/ubuntu/Desktop/carshipapp-117228-ruby/template-app/app/models/bx_block_email_notifications/application_record.rb": [
        0,
        0,
        0,
        0,
        0
      ],
      "/data/home/ubuntu/Desktop/carshipapp-117228-ruby/template-app/app/models/bx_block_email_notifications/email_notification.rb": [
        0,
        0,
        0,
        0,
        0,
        0
      ],
      "/data/home/ubuntu/Desktop/carshipapp-117228-ruby/template-app/app/models/bx_block_login/application_record.rb": [
        0,
        0,
        0,
        0,
        0
      ],
      "/data/home/ubuntu/Desktop/carshipapp-117228-ruby/template-app/app/models/bx_block_ticketsystem/application_record.rb": [
        0,
        0,
        0,
        0,
        0
      ],
      "/data/home/ubuntu/Desktop/carshipapp-117228-ruby/template-app/app/models/bx_block_categories/sub_category.rb": [
        0,
        0,
        0,
        null,
        0,
        null,
        0,
        0,
        0,
        0,
        0,
        0,
        null,
        0,
        null,
        null,
        0,
        null,
        null,
        null,
        null,
        null,
        null,
        null,
        0,
        0
      ],
      "/data/home/ubuntu/Desktop/carshipapp-117228-ruby/template-app/app/models/bx_block_categories/cta.rb": [
        0,
        0,
        0,
        null,
        0,
        null,
        0,
        0,
        null,
        0,
        0,
        null,
        0,
        0,
        0,
        null,
        0,
        0,
        0,
        0,
        0
      ],
      "/data/home/ubuntu/Desktop/carshipapp-117228-ruby/template-app/app/models/bx_block_categories/user_sub_category.rb": [
        0,
        0,
        0,
        null,
        0,
        0,
        0,
        0
      ],
      "/data/home/ubuntu/Desktop/carshipapp-117228-ruby/template-app/app/models/bx_block_categories/user_category.rb": [
        0,
        0,
        0,
        null,
        0,
        0,
        0,
        0
      ],
      "/data/home/ubuntu/Desktop/carshipapp-117228-ruby/template-app/app/models/bx_block_projecttemplates/application_record.rb": [
        0,
        0,
        0,
        0,
        0
      ],
      "/data/home/ubuntu/Desktop/carshipapp-117228-ruby/template-app/app/models/bx_block_pricingengine2/application_record.rb": [
        0,
        0,
        0,
        0,
        0
      ],
      "/data/home/ubuntu/Desktop/carshipapp-117228-ruby/template-app/app/models/bx_block_scheduling/application_record.rb": [
        0,
        0,
        0,
        0,
        0
      ],
      "/data/home/ubuntu/Desktop/carshipapp-117228-ruby/template-app/app/models/bx_block_bulk_uploading/attachment.rb": [
        0,
        0,
        0,
        0,
        null,
        0,
        0,
        0,
        0
      ],
      "/data/home/ubuntu/Desktop/carshipapp-117228-ruby/template-app/app/models/bx_block_bulk_uploading/application_record.rb": [
        0,
        0,
        0,
        0,
        0
      ],
      "/data/home/ubuntu/Desktop/carshipapp-117228-ruby/template-app/app/models/bx_block_statisticsreports/application_record.rb": [
        0,
        0,
        0,
        0,
        0
      ],
      "/data/home/ubuntu/Desktop/carshipapp-117228-ruby/template-app/app/models/bx_block_catalogue/brand.rb": [
        0,
        0,
        0,
        0,
        0
      ],
      "/data/home/ubuntu/Desktop/carshipapp-117228-ruby/template-app/app/models/bx_block_catalogue/catalogues_tag.rb": [
        0,
        0,
        0,
        null,
        0,
        0,
        0,
        0
      ],
      "/data/home/ubuntu/Desktop/carshipapp-117228-ruby/template-app/app/models/bx_block_catalogue/review.rb": [
        0,
        0,
        0,
        null,
        0,
        0,
        0
      ],
      "/data/home/ubuntu/Desktop/carshipapp-117228-ruby/template-app/app/models/bx_block_catalogue/application_record.rb": [
        0,
        0,
        0,
        0,
        0
      ],
      "/data/home/ubuntu/Desktop/carshipapp-117228-ruby/template-app/app/models/bx_block_catalogue/tag.rb": [
        0,
        0,
        0,
        null,
        0,
        0,
        0
      ],
      "/data/home/ubuntu/Desktop/carshipapp-117228-ruby/template-app/app/models/bx_block_catalogue/catalogue_variant_color.rb": [
        0,
        0,
        0,
        0,
        0
      ],
      "/data/home/ubuntu/Desktop/carshipapp-117228-ruby/template-app/app/models/bx_block_catalogue/catalogue_variant.rb": [
        0,
        0,
        0,
        null,
        0,
        0,
        0,
        null,
        0,
        0,
        0
      ],
      "/data/home/ubuntu/Desktop/carshipapp-117228-ruby/template-app/app/models/bx_block_catalogue/catalogue.rb": [
        0,
        0,
        0,
        0,
        null,
        0,
        null,
        0,
        null,
        0,
        0,
        0,
        null,
        0,
        0,
        0,
        null,
        0,
        null,
        0,
        0,
        0,
        null,
        0,
        null,
        0,
        null,
        0,
        0,
        null,
        0,
        0,
        0,
        0,
        0,
        0,
        0,
        0,
        null
      ],
      "/data/home/ubuntu/Desktop/carshipapp-117228-ruby/template-app/app/models/bx_block_catalogue/catalogue_variant_size.rb": [
        0,
        0,
        0,
        0,
        0
      ],
      "/data/home/ubuntu/Desktop/carshipapp-117228-ruby/template-app/app/models/bx_block_favourites/application_record.rb": [
        0,
        0,
        0,
        0,
        0
      ],
      "/data/home/ubuntu/Desktop/carshipapp-117228-ruby/template-app/app/models/bx_block_favourites/favourite.rb": [
        0,
        0,
        0,
        null,
        0,
        0,
        0,
        0
      ],
      "/data/home/ubuntu/Desktop/carshipapp-117228-ruby/template-app/app/models/bx_block_calendar/application_record.rb": [
        0,
        0,
        0,
        0,
        0
      ],
      "/data/home/ubuntu/Desktop/carshipapp-117228-ruby/template-app/app/models/bx_block_landingpage3/application_record.rb": [
        0,
        0,
        0,
        0,
        0
      ]
    },
    "timestamp": 1692092089
  }
}
